<?xml version="1.0" encoding="UTF-8"?>
<!-- Generated by org.testng.reporters.JUnitReportReporter -->
<testsuite hostname="BOMINA-NW11195" failures="0" tests="1" name="testCases.TC002_LoginTest" time="2.301" errors="0" timestamp="2025-03-13T09:18:19 IST" skipped="0">
  <testcase classname="testCases.TC002_LoginTest" name="verify_login" time="2.301"/>
</testsuite> <!-- testCases.TC002_LoginTest -->
